<?xml version="1.0" encoding="UTF-8"?>
<!-- Generated by org.testng.reporters.JUnitReportReporter -->
<testsuite hostname="Sorya" failures="0" tests="1" name="piit.AutomationTrainingProgram.Execution" time="0.021" errors="0" timestamp="2022-05-11T21:54:55 EDT" skipped="0">
  <testcase classname="piit.AutomationTrainingProgram.Execution" name="f" time="0.021"/>
  <system-out/>
</testsuite> <!-- piit.AutomationTrainingProgram.Execution -->
